Determining if the pthread_create exist failed with the following output:
Change Dir: /home/jorge/tfm_ws/build/CMakeFiles/CMakeTmp

Run Build Command:/usr/bin/make "cmTryCompileExec326083434/fast"
/usr/bin/make -f CMakeFiles/cmTryCompileExec326083434.dir/build.make CMakeFiles/cmTryCompileExec326083434.dir/build
make[1]: Entering directory `/home/jorge/tfm_ws/build/CMakeFiles/CMakeTmp'
/usr/bin/cmake -E cmake_progress_report /home/jorge/tfm_ws/build/CMakeFiles/CMakeTmp/CMakeFiles 1
Building C object CMakeFiles/cmTryCompileExec326083434.dir/CheckSymbolExists.c.o
/usr/bin/cc    -o CMakeFiles/cmTryCompileExec326083434.dir/CheckSymbolExists.c.o   -c /home/jorge/tfm_ws/build/CMakeFiles/CMakeTmp/CheckSymbolExists.c
Linking C executable cmTryCompileExec326083434
/usr/bin/cmake -E cmake_link_script CMakeFiles/cmTryCompileExec326083434.dir/link.txt --verbose=1
/usr/bin/cc       CMakeFiles/cmTryCompileExec326083434.dir/CheckSymbolExists.c.o  -o cmTryCompileExec326083434 -rdynamic 
CMakeFiles/cmTryCompileExec326083434.dir/CheckSymbolExists.c.o: In function `main':
CheckSymbolExists.c:(.text+0x16): undefined reference to `pthread_create'
collect2: error: ld returned 1 exit status
make[1]: Leaving directory `/home/jorge/tfm_ws/build/CMakeFiles/CMakeTmp'
make[1]: *** [cmTryCompileExec326083434] Error 1
make: *** [cmTryCompileExec326083434/fast] Error 2

File /home/jorge/tfm_ws/build/CMakeFiles/CMakeTmp/CheckSymbolExists.c:
/* */
#include <pthread.h>

int main(int argc, char** argv)
{
  (void)argv;
#ifndef pthread_create
  return ((int*)(&pthread_create))[argc];
#else
  (void)argc;
  return 0;
#endif
}

Determining if the function pthread_create exists in the pthreads failed with the following output:
Change Dir: /home/jorge/tfm_ws/build/CMakeFiles/CMakeTmp

Run Build Command:/usr/bin/make "cmTryCompileExec2786772958/fast"
/usr/bin/make -f CMakeFiles/cmTryCompileExec2786772958.dir/build.make CMakeFiles/cmTryCompileExec2786772958.dir/build
make[1]: Entering directory `/home/jorge/tfm_ws/build/CMakeFiles/CMakeTmp'
/usr/bin/cmake -E cmake_progress_report /home/jorge/tfm_ws/build/CMakeFiles/CMakeTmp/CMakeFiles 1
Building C object CMakeFiles/cmTryCompileExec2786772958.dir/CheckFunctionExists.c.o
/usr/bin/cc   -DCHECK_FUNCTION_EXISTS=pthread_create   -o CMakeFiles/cmTryCompileExec2786772958.dir/CheckFunctionExists.c.o   -c /usr/share/cmake-2.8/Modules/CheckFunctionExists.c
Linking C executable cmTryCompileExec2786772958
/usr/bin/cmake -E cmake_link_script CMakeFiles/cmTryCompileExec2786772958.dir/link.txt --verbose=1
/usr/bin/cc   -DCHECK_FUNCTION_EXISTS=pthread_create    CMakeFiles/cmTryCompileExec2786772958.dir/CheckFunctionExists.c.o  -o cmTryCompileExec2786772958 -rdynamic -lpthreads 
/usr/bin/ld: cannot find -lpthreads
collect2: error: ld returned 1 exit status
make[1]: Leaving directory `/home/jorge/tfm_ws/build/CMakeFiles/CMakeTmp'
make[1]: *** [cmTryCompileExec2786772958] Error 1
make: *** [cmTryCompileExec2786772958/fast] Error 2


